<?xml version="1.0" encoding="UTF-8"?>
<coverage generated="1733235694663" clover="3.2.0">
  <project timestamp="1733235694663" name="All files">
    <metrics statements="15" coveredstatements="11" conditionals="2" coveredconditionals="1" methods="0" coveredmethods="0" elements="17" coveredelements="12" complexity="0" loc="15" ncloc="15" packages="1" files="1" classes="1"/>
    <file name="index.js" path="C:\Users\Juan Jose\Documents\miniproyecto\simple-web-app\src\index.js">
      <metrics statements="15" coveredstatements="11" conditionals="2" coveredconditionals="1" methods="0" coveredmethods="0"/>
      <line num="1" count="1" type="stmt"/>
      <line num="2" count="1" type="stmt"/>
      <line num="3" count="1" type="stmt"/>
      <line num="4" count="1" type="stmt"/>
      <line num="5" count="1" type="cond" truecount="1" falsecount="0"/>
      <line num="6" count="1" type="stmt"/>
      <line num="7" count="1" type="stmt"/>
      <line num="8" count="1" type="stmt"/>
      <line num="9" count="1" type="cond" truecount="0" falsecount="1"/>
      <line num="10" count="0" type="stmt"/>
      <line num="11" count="0" type="stmt"/>
      <line num="12" count="0" type="stmt"/>
      <line num="13" count="0" type="stmt"/>
      <line num="14" count="1" type="stmt"/>
      <line num="15" count="1" type="stmt"/>
    </file>
  </project>
</coverage>
