<?xml version="1.0" encoding="UTF-8"?>
<coverage generated="1733237488363" clover="3.2.0">
  <project timestamp="1733237488363" name="All files">
    <metrics statements="18" coveredstatements="17" conditionals="1" coveredconditionals="1" methods="0" coveredmethods="0" elements="19" coveredelements="18" complexity="0" loc="18" ncloc="18" packages="1" files="2" classes="2"/>
    <file name="Server.js" path="C:\Users\Juan Jose\Documents\miniproyecto\simple-web-app\src\Server.js">
      <metrics statements="9" coveredstatements="8" conditionals="0" coveredconditionals="0" methods="0" coveredmethods="0"/>
      <line num="1" count="1" type="stmt"/>
      <line num="2" count="1" type="stmt"/>
      <line num="3" count="1" type="stmt"/>
      <line num="4" count="1" type="stmt"/>
      <line num="5" count="1" type="stmt"/>
      <line num="6" count="1" type="stmt"/>
      <line num="7" count="0" type="stmt"/>
      <line num="8" count="1" type="stmt"/>
      <line num="9" count="1" type="stmt"/>
    </file>
    <file name="index.js" path="C:\Users\Juan Jose\Documents\miniproyecto\simple-web-app\src\index.js">
      <metrics statements="9" coveredstatements="9" conditionals="1" coveredconditionals="1" methods="0" coveredmethods="0"/>
      <line num="1" count="1" type="stmt"/>
      <line num="2" count="1" type="stmt"/>
      <line num="3" count="1" type="stmt"/>
      <line num="4" count="1" type="stmt"/>
      <line num="5" count="1" type="cond" truecount="1" falsecount="0"/>
      <line num="6" count="1" type="stmt"/>
      <line num="7" count="1" type="stmt"/>
      <line num="8" count="1" type="stmt"/>
      <line num="9" count="1" type="stmt"/>
    </file>
  </project>
</coverage>
